The system is: Windows - 10.0.22000 - AMD64
Compiling the C compiler identification source file "CMakeCCompilerId.c" succeeded.
Compiler: C:/x86_64-elf-tools-windows/bin/x86_64-elf-gcc.exe 
Build flags: -g;-c;-O0;-m32;-fno-pie;-fno-stack-protector;-fno-asynchronous-unwind-tables
Id flags:  

The output was:
0


Compilation of the C compiler identification source "CMakeCCompilerId.c" produced "CMakeCCompilerId.o"

The C compiler identification is GNU, found in "H:/project/x86_operating/diy-x86os/start/start/build/CMakeFiles/3.20.3/CompilerIdC/CMakeCCompilerId.o"

Determining if the C compiler works passed with the following output:
Change Dir: H:/project/x86_operating/diy-x86os/start/start/build/CMakeFiles/CMakeTmp

Run Build Command(s):C:/Users/张大帅/.eide/bin/builder/msys/bin/make.exe -f Makefile cmTC_3497c/fast && /usr/bin/make  -f CMakeFiles/cmTC_3497c.dir/build.make CMakeFiles/cmTC_3497c.dir/build
make[1]: Entering directory `/h/project/x86_operating/diy-x86os/start/start/build/CMakeFiles/CMakeTmp'
Building C object CMakeFiles/cmTC_3497c.dir/testCCompiler.c.obj
C:/x86_64-elf-tools-windows/bin/x86_64-elf-gcc.exe   -g -c -O0 -m32 -fno-pie -fno-stack-protector -fno-asynchronous-unwind-tables  -o CMakeFiles/cmTC_3497c.dir/testCCompiler.c.obj -c H:/project/x86_operating/diy-x86os/start/start/build/CMakeFiles/CMakeTmp/testCCompiler.c
Linking C executable cmTC_3497c.exe
E:/ESP/tools/cmake/3.20.3/bin/cmake.exe -E rm -f CMakeFiles/cmTC_3497c.dir/objects.a
C:/x86_64-elf-tools-windows/bin/x86_64-elf-ar.exe cr CMakeFiles/cmTC_3497c.dir/objects.a @CMakeFiles/cmTC_3497c.dir/objects1.rsp
C:/x86_64-elf-tools-windows/bin/x86_64-elf-gcc.exe -g -c -O0 -m32 -fno-pie -fno-stack-protector -fno-asynchronous-unwind-tables  -Wl,--whole-archive CMakeFiles/cmTC_3497c.dir/objects.a -Wl,--no-whole-archive -o cmTC_3497c.exe -Wl,--out-implib,libcmTC_3497c.dll.a -Wl,--major-image-version,0,--minor-image-version,0 
x86_64-elf-gcc.exe: warning: CMakeFiles/cmTC_3497c.dir/objects.a: linker input file unused because linking not done
make[1]: Leaving directory `/h/project/x86_operating/diy-x86os/start/start/build/CMakeFiles/CMakeTmp'



Checking whether the ASM compiler is GNU using "--version" matched "(GNU assembler)|(GCC)|(Free Software Foundation)":
x86_64-elf-gcc.exe (GCC) 7.1.0
Copyright (C) 2017 Free Software Foundation, Inc.
This is free software; see the source for copying conditions.  There is NO
warranty; not even for MERCHANTABILITY or FITNESS FOR A PARTICULAR PURPOSE.

